Copyright 1986-2022 Xilinx, Inc. All Rights Reserved.
------------------------------------------------------------------------------------
| Tool Version : Vivado v.2022.1 (win64) Build 3526262 Mon Apr 18 15:48:16 MDT 2022
| Date         : Mon Sep 26 20:52:00 2022
| Host         : DESKTOP-1UDCE0K running 64-bit major release  (build 9200)
| Command      : upgrade_ip
| Device       : xc7z010clg400-1
------------------------------------------------------------------------------------

Upgrade Log for IP 'SDUAM_ps7_0_axi_periph_0'

1. Summary
----------

SUCCESS in the upgrade of SDUAM_ps7_0_axi_periph_0 (xilinx.com:ip:axi_interconnect:2.1) from (Rev. 26) to (Rev. 27)






Copyright 1986-2022 Xilinx, Inc. All Rights Reserved.
------------------------------------------------------------------------------------
| Tool Version : Vivado v.2022.1 (win64) Build 3526262 Mon Apr 18 15:48:16 MDT 2022
| Date         : Mon Sep 26 20:52:00 2022
| Host         : DESKTOP-1UDCE0K running 64-bit major release  (build 9200)
| Command      : upgrade_ip
| Device       : xc7z010clg400-1
------------------------------------------------------------------------------------

Upgrade Log for IP 'SDUAM_axi_gpio_0_0'

1. Summary
----------

SUCCESS in the upgrade of SDUAM_axi_gpio_0_0 (xilinx.com:ip:axi_gpio:2.0) from (Rev. 27) to (Rev. 28)

