Time resolution is 1 ps
 Block Memory Generator module loading initial data...
 Block Memory Generator data initialization complete.
Block Memory Generator module transmit_chain_tb.DUT.Transmit_Chain_i.playback_mem.inst.\native_mem_module.blk_mem_gen_v8_4_5_inst  is using a behavioral model for simulation which will not precisely model memory collision behavior.
File was opened successfully: -20000 
File was opened successfully: -19999 
File was opened successfully: -19998 
File was opened successfully: -19997 
File was opened successfully: -19997 
Number of OFDM symbols:           3
Sample_rate:    50000000sps =           2 100MHz clock cycles per sample
nFFT =        4096
nFFT scaled = 12
cp_len =     0
Info: [XPM_MEMORY 20-1] MEMORY_PRIMITIVE (0) instructs Vivado Synthesis to choose the memory primitive type. Depending on their values, other XPM_MEMORY parameters may preclude the choice of certain memory primitive types. Review XPM_MEMORY documentation and parameter values to understand any limitations, or set MEMORY_PRIMITIVE to a different value. transmit_chain_tb.DUT.Transmit_Chain_i.axis_data_fifo_0.inst.\gen_fifo.xpm_fifo_axis_inst .xpm_fifo_base_inst.\gen_sdpram.xpm_memory_base_inst .config_drc
Time: 1 ps  Iteration: 0  Process: /transmit_chain_tb/DUT/Transmit_Chain_i/axis_data_fifo_0/inst/gen_fifo.xpm_fifo_axis_inst/xpm_fifo_base_inst/gen_sdpram.xpm_memory_base_inst/Initial299_18  Scope: transmit_chain_tb.DUT.Transmit_Chain_i.axis_data_fifo_0.inst.\gen_fifo.xpm_fifo_axis_inst .xpm_fifo_base_inst.\gen_sdpram.xpm_memory_base_inst .config_drc  File: C:/Xilinx/Vivado/2022.1/data/ip/xpm/xpm_memory/hdl/xpm_memory.sv Line: 493
Info: [XPM_MEMORY 20-1] MEMORY_PRIMITIVE (0) instructs Vivado Synthesis to choose the memory primitive type. Depending on their values, other XPM_MEMORY parameters may preclude the choice of certain memory primitive types. Review XPM_MEMORY documentation and parameter values to understand any limitations, or set MEMORY_PRIMITIVE to a different value. transmit_chain_tb.DUT.Transmit_Chain_i.axis_data_fifo_1.inst.\gen_fifo.xpm_fifo_axis_inst .xpm_fifo_base_inst.\gen_sdpram.xpm_memory_base_inst .config_drc
Time: 1 ps  Iteration: 0  Process: /transmit_chain_tb/DUT/Transmit_Chain_i/axis_data_fifo_1/inst/gen_fifo.xpm_fifo_axis_inst/xpm_fifo_base_inst/gen_sdpram.xpm_memory_base_inst/Initial299_73  Scope: transmit_chain_tb.DUT.Transmit_Chain_i.axis_data_fifo_1.inst.\gen_fifo.xpm_fifo_axis_inst .xpm_fifo_base_inst.\gen_sdpram.xpm_memory_base_inst .config_drc  File: C:/Xilinx/Vivado/2022.1/data/ip/xpm/xpm_memory/hdl/xpm_memory.sv Line: 493
nfft =        4096, cp_len =     0, ofdm_symbols =           3
$stop called at time : 368800 ns : File "c:/Projects/FAU-Modem/OFDM/Xilinx/Vivado/modules/sim/transmit_chain_tb.sv" Line 245
INFO: xsimkernel Simulation Memory Usage: 52372 KB (Peak: 52372 KB), Simulation CPU Usage: 72733 ms
