
*** Running vivado
    with args -log Clock_Divider.vdi -applog -m64 -product Vivado -messageDb vivado.pb -mode batch -source Clock_Divider.tcl -notrace


****** Vivado v2021.1 (64-bit)
  **** SW Build 3247384 on Thu Jun 10 19:36:07 MDT 2021
  **** IP Build 3246043 on Fri Jun 11 00:30:35 MDT 2021
    ** Copyright 1986-2021 Xilinx, Inc. All Rights Reserved.

source Clock_Divider.tcl -notrace
INFO: [IP_Flow 19-234] Refreshing IP repositories
INFO: [IP_Flow 19-1700] Loaded user IP repository '/home/saad/Xilinx/2UnderwaterModem/MyXilinx/SDUAM/ip_repo/AXIS_Splitter_1.0'.
INFO: [IP_Flow 19-1700] Loaded user IP repository '/home/saad/Xilinx/2UnderwaterModem/MyXilinx/myIP_repo'.
INFO: [IP_Flow 19-2313] Loaded Vivado IP repository '/home/saad/Xilinx/Vivado/2021.1/data/ip'.
Command: link_design -top Clock_Divider -part xc7z010clg400-1
Design is defaulting to srcset: sources_1
Design is defaulting to constrset: constrs_1
INFO: [Device 21-403] Loading part xc7z010clg400-1
Netlist sorting complete. Time (s): cpu = 00:00:00 ; elapsed = 00:00:00 . Memory (MB): peak = 2575.160 ; gain = 0.000 ; free physical = 674 ; free virtual = 3308
INFO: [Netlist 29-17] Analyzing 8 Unisim elements for replacement
INFO: [Netlist 29-28] Unisim Transformation completed in 0 CPU seconds
INFO: [Project 1-479] Netlist was created with Vivado 2021.1
INFO: [Project 1-570] Preparing netlist for logic optimization
Netlist sorting complete. Time (s): cpu = 00:00:00 ; elapsed = 00:00:00 . Memory (MB): peak = 2575.160 ; gain = 0.000 ; free physical = 580 ; free virtual = 3215
INFO: [Project 1-111] Unisim Transformation Summary:
No Unisim elements were transformed.

10 Infos, 0 Warnings, 0 Critical Warnings and 0 Errors encountered.
link_design completed successfully
Command: opt_design
Attempting to get a license for feature 'Implementation' and/or device 'xc7z010'
INFO: [Common 17-349] Got license for feature 'Implementation' and/or device 'xc7z010'
Running DRC as a precondition to command opt_design

Starting DRC Task
INFO: [DRC 23-27] Running DRC with 8 threads
INFO: [Project 1-461] DRC finished with 0 Errors
INFO: [Project 1-462] Please refer to the DRC report (report_drc) for more information.

Time (s): cpu = 00:00:01 ; elapsed = 00:00:00.49 . Memory (MB): peak = 2639.086 ; gain = 63.926 ; free physical = 560 ; free virtual = 3198

Starting Cache Timing Information Task
INFO: [Timing 38-35] Done setting XDC timing constraints.
Ending Cache Timing Information Task | Checksum: 106867086

Time (s): cpu = 00:00:05 ; elapsed = 00:00:05 . Memory (MB): peak = 2685.898 ; gain = 46.812 ; free physical = 184 ; free virtual = 2837

Starting Logic Optimization Task

Phase 1 Retarget
INFO: [Opt 31-138] Pushed 0 inverter(s) to 0 load pin(s).
INFO: [Opt 31-49] Retargeted 0 cell(s).
Phase 1 Retarget | Checksum: 106867086

Time (s): cpu = 00:00:00.02 ; elapsed = 00:00:00.03 . Memory (MB): peak = 2864.867 ; gain = 0.000 ; free physical = 174 ; free virtual = 2653
INFO: [Opt 31-389] Phase Retarget created 0 cells and removed 0 cells

Phase 2 Constant propagation
INFO: [Opt 31-138] Pushed 0 inverter(s) to 0 load pin(s).
Phase 2 Constant propagation | Checksum: 106867086

Time (s): cpu = 00:00:00.02 ; elapsed = 00:00:00.03 . Memory (MB): peak = 2864.867 ; gain = 0.000 ; free physical = 174 ; free virtual = 2653
INFO: [Opt 31-389] Phase Constant propagation created 0 cells and removed 0 cells

Phase 3 Sweep
Phase 3 Sweep | Checksum: 1716d3564

Time (s): cpu = 00:00:00.02 ; elapsed = 00:00:00.03 . Memory (MB): peak = 2864.867 ; gain = 0.000 ; free physical = 174 ; free virtual = 2654
INFO: [Opt 31-389] Phase Sweep created 0 cells and removed 0 cells

Phase 4 BUFG optimization
Phase 4 BUFG optimization | Checksum: 1716d3564

Time (s): cpu = 00:00:00.02 ; elapsed = 00:00:00.03 . Memory (MB): peak = 2864.867 ; gain = 0.000 ; free physical = 174 ; free virtual = 2654
INFO: [Opt 31-662] Phase BUFG optimization created 0 cells of which 0 are BUFGs and removed 0 cells.

Phase 5 Shift Register Optimization
INFO: [Opt 31-1064] SRL Remap converted 0 SRLs to 0 registers and converted 0 registers of register chains to 0 SRLs
Phase 5 Shift Register Optimization | Checksum: 1716d3564

Time (s): cpu = 00:00:00.02 ; elapsed = 00:00:00.03 . Memory (MB): peak = 2864.867 ; gain = 0.000 ; free physical = 174 ; free virtual = 2654
INFO: [Opt 31-389] Phase Shift Register Optimization created 0 cells and removed 0 cells

Phase 6 Post Processing Netlist
Phase 6 Post Processing Netlist | Checksum: 1716d3564

Time (s): cpu = 00:00:00.03 ; elapsed = 00:00:00.03 . Memory (MB): peak = 2864.867 ; gain = 0.000 ; free physical = 174 ; free virtual = 2654
INFO: [Opt 31-389] Phase Post Processing Netlist created 0 cells and removed 0 cells
Opt_design Change Summary
=========================


-------------------------------------------------------------------------------------------------------------------------
|  Phase                        |  #Cells created  |  #Cells Removed  |  #Constrained objects preventing optimizations  |
-------------------------------------------------------------------------------------------------------------------------
|  Retarget                     |               0  |               0  |                                              0  |
|  Constant propagation         |               0  |               0  |                                              0  |
|  Sweep                        |               0  |               0  |                                              0  |
|  BUFG optimization            |               0  |               0  |                                              0  |
|  Shift Register Optimization  |               0  |               0  |                                              0  |
|  Post Processing Netlist      |               0  |               0  |                                              0  |
-------------------------------------------------------------------------------------------------------------------------



Starting Connectivity Check Task

Time (s): cpu = 00:00:00 ; elapsed = 00:00:00 . Memory (MB): peak = 2864.867 ; gain = 0.000 ; free physical = 174 ; free virtual = 2654
Ending Logic Optimization Task | Checksum: 112805fb6

Time (s): cpu = 00:00:00.03 ; elapsed = 00:00:00.04 . Memory (MB): peak = 2864.867 ; gain = 0.000 ; free physical = 174 ; free virtual = 2654

Starting Power Optimization Task
INFO: [Pwropt 34-132] Skipping clock gating for clocks with a period < 2.00 ns.
Ending Power Optimization Task | Checksum: 112805fb6

Time (s): cpu = 00:00:00 ; elapsed = 00:00:00 . Memory (MB): peak = 2864.867 ; gain = 0.000 ; free physical = 174 ; free virtual = 2654

Starting Final Cleanup Task
Ending Final Cleanup Task | Checksum: 112805fb6

Time (s): cpu = 00:00:00 ; elapsed = 00:00:00 . Memory (MB): peak = 2864.867 ; gain = 0.000 ; free physical = 174 ; free virtual = 2654

Starting Netlist Obfuscation Task
Netlist sorting complete. Time (s): cpu = 00:00:00 ; elapsed = 00:00:00 . Memory (MB): peak = 2864.867 ; gain = 0.000 ; free physical = 174 ; free virtual = 2654
Ending Netlist Obfuscation Task | Checksum: 112805fb6

Time (s): cpu = 00:00:00 ; elapsed = 00:00:00 . Memory (MB): peak = 2864.867 ; gain = 0.000 ; free physical = 174 ; free virtual = 2654
INFO: [Common 17-83] Releasing license: Implementation
27 Infos, 0 Warnings, 0 Critical Warnings and 0 Errors encountered.
opt_design completed successfully
opt_design: Time (s): cpu = 00:00:07 ; elapsed = 00:00:07 . Memory (MB): peak = 2864.867 ; gain = 289.707 ; free physical = 174 ; free virtual = 2654
INFO: [Common 17-1381] The checkpoint '/home/saad/Xilinx/2UnderwaterModem/MyXilinx/SDUAM/HW_Ver_less_ILAs/SDUAM.tmp/clock_dividor.runs/impl_1/Clock_Divider_opt.dcp' has been generated.
INFO: [runtcl-4] Executing : report_drc -file Clock_Divider_drc_opted.rpt -pb Clock_Divider_drc_opted.pb -rpx Clock_Divider_drc_opted.rpx
Command: report_drc -file Clock_Divider_drc_opted.rpt -pb Clock_Divider_drc_opted.pb -rpx Clock_Divider_drc_opted.rpx
INFO: [IP_Flow 19-1839] IP Catalog is up to date.
INFO: [Timing 38-35] Done setting XDC timing constraints.
INFO: [DRC 23-27] Running DRC with 8 threads
INFO: [Vivado_Tcl 2-168] The results of DRC are in file /home/saad/Xilinx/2UnderwaterModem/MyXilinx/SDUAM/HW_Ver_less_ILAs/SDUAM.tmp/clock_dividor.runs/impl_1/Clock_Divider_drc_opted.rpt.
report_drc completed successfully
Command: place_design
Attempting to get a license for feature 'Implementation' and/or device 'xc7z010'
INFO: [Common 17-349] Got license for feature 'Implementation' and/or device 'xc7z010'
INFO: [DRC 23-27] Running DRC with 8 threads
INFO: [Vivado_Tcl 4-198] DRC finished with 0 Errors
INFO: [Vivado_Tcl 4-199] Please refer to the DRC report (report_drc) for more information.
Running DRC as a precondition to command place_design
INFO: [DRC 23-27] Running DRC with 8 threads
INFO: [Vivado_Tcl 4-198] DRC finished with 0 Errors
INFO: [Vivado_Tcl 4-199] Please refer to the DRC report (report_drc) for more information.

Starting Placer Task
INFO: [Place 30-611] Multithreading enabled for place_design using a maximum of 8 CPUs

Phase 1 Placer Initialization

Phase 1.1 Placer Initialization Netlist Sorting
Netlist sorting complete. Time (s): cpu = 00:00:00 ; elapsed = 00:00:00 . Memory (MB): peak = 3116.863 ; gain = 0.000 ; free physical = 174 ; free virtual = 2598
Phase 1.1 Placer Initialization Netlist Sorting | Checksum: 7785d843

Time (s): cpu = 00:00:00.01 ; elapsed = 00:00:00.03 . Memory (MB): peak = 3116.863 ; gain = 0.000 ; free physical = 174 ; free virtual = 2598
Netlist sorting complete. Time (s): cpu = 00:00:00 ; elapsed = 00:00:00 . Memory (MB): peak = 3116.863 ; gain = 0.000 ; free physical = 174 ; free virtual = 2598

Phase 1.2 IO Placement/ Clock Placement/ Build Placer Device
Phase 1.2 IO Placement/ Clock Placement/ Build Placer Device | Checksum: 19bc46bb5

Time (s): cpu = 00:00:00.39 ; elapsed = 00:00:00.14 . Memory (MB): peak = 3116.863 ; gain = 0.000 ; free physical = 194 ; free virtual = 2625

Phase 1.3 Build Placer Netlist Model
Phase 1.3 Build Placer Netlist Model | Checksum: 1f8ab351b

Time (s): cpu = 00:00:00.50 ; elapsed = 00:00:00.15 . Memory (MB): peak = 3116.863 ; gain = 0.000 ; free physical = 192 ; free virtual = 2625

Phase 1.4 Constrain Clocks/Macros
Phase 1.4 Constrain Clocks/Macros | Checksum: 1f8ab351b

Time (s): cpu = 00:00:00.50 ; elapsed = 00:00:00.16 . Memory (MB): peak = 3116.863 ; gain = 0.000 ; free physical = 192 ; free virtual = 2625
Phase 1 Placer Initialization | Checksum: 1f8ab351b

Time (s): cpu = 00:00:00.51 ; elapsed = 00:00:00.16 . Memory (MB): peak = 3116.863 ; gain = 0.000 ; free physical = 191 ; free virtual = 2625

Phase 2 Global Placement

Phase 2.1 Floorplanning
Phase 2.1 Floorplanning | Checksum: 1f8ab351b

Time (s): cpu = 00:00:00.51 ; elapsed = 00:00:00.16 . Memory (MB): peak = 3116.863 ; gain = 0.000 ; free physical = 191 ; free virtual = 2625

Phase 2.2 Update Timing before SLR Path Opt
Phase 2.2 Update Timing before SLR Path Opt | Checksum: 1f8ab351b

Time (s): cpu = 00:00:00.51 ; elapsed = 00:00:00.16 . Memory (MB): peak = 3116.863 ; gain = 0.000 ; free physical = 191 ; free virtual = 2625

Phase 2.3 Post-Processing in Floorplanning
Phase 2.3 Post-Processing in Floorplanning | Checksum: 1f8ab351b

Time (s): cpu = 00:00:00.51 ; elapsed = 00:00:00.16 . Memory (MB): peak = 3116.863 ; gain = 0.000 ; free physical = 191 ; free virtual = 2625

Phase 2.4 Global Placement Core
WARNING: [Place 46-29] place_design is not in timing mode. Skip physical synthesis in placer
Phase 2.4 Global Placement Core | Checksum: 24754326c

Time (s): cpu = 00:00:06 ; elapsed = 00:00:01 . Memory (MB): peak = 3116.863 ; gain = 0.000 ; free physical = 168 ; free virtual = 2601
Phase 2 Global Placement | Checksum: 24754326c

Time (s): cpu = 00:00:06 ; elapsed = 00:00:01 . Memory (MB): peak = 3116.863 ; gain = 0.000 ; free physical = 168 ; free virtual = 2601

Phase 3 Detail Placement

Phase 3.1 Commit Multi Column Macros
Phase 3.1 Commit Multi Column Macros | Checksum: 24754326c

Time (s): cpu = 00:00:06 ; elapsed = 00:00:01 . Memory (MB): peak = 3116.863 ; gain = 0.000 ; free physical = 168 ; free virtual = 2601

Phase 3.2 Commit Most Macros & LUTRAMs
Phase 3.2 Commit Most Macros & LUTRAMs | Checksum: 22079c5c4

Time (s): cpu = 00:00:06 ; elapsed = 00:00:01 . Memory (MB): peak = 3116.863 ; gain = 0.000 ; free physical = 168 ; free virtual = 2601

Phase 3.3 Area Swap Optimization
Phase 3.3 Area Swap Optimization | Checksum: 26397e594

Time (s): cpu = 00:00:06 ; elapsed = 00:00:01 . Memory (MB): peak = 3116.863 ; gain = 0.000 ; free physical = 168 ; free virtual = 2601

Phase 3.4 Pipeline Register Optimization
Phase 3.4 Pipeline Register Optimization | Checksum: 26397e594

Time (s): cpu = 00:00:06 ; elapsed = 00:00:01 . Memory (MB): peak = 3116.863 ; gain = 0.000 ; free physical = 168 ; free virtual = 2601

Phase 3.5 Small Shape Detail Placement
Phase 3.5 Small Shape Detail Placement | Checksum: 147b58f05

Time (s): cpu = 00:00:07 ; elapsed = 00:00:01 . Memory (MB): peak = 3116.863 ; gain = 0.000 ; free physical = 165 ; free virtual = 2599

Phase 3.6 Re-assign LUT pins
Phase 3.6 Re-assign LUT pins | Checksum: 147b58f05

Time (s): cpu = 00:00:07 ; elapsed = 00:00:01 . Memory (MB): peak = 3116.863 ; gain = 0.000 ; free physical = 165 ; free virtual = 2599

Phase 3.7 Pipeline Register Optimization
Phase 3.7 Pipeline Register Optimization | Checksum: 147b58f05

Time (s): cpu = 00:00:07 ; elapsed = 00:00:01 . Memory (MB): peak = 3116.863 ; gain = 0.000 ; free physical = 165 ; free virtual = 2599
Phase 3 Detail Placement | Checksum: 147b58f05

Time (s): cpu = 00:00:07 ; elapsed = 00:00:01 . Memory (MB): peak = 3116.863 ; gain = 0.000 ; free physical = 165 ; free virtual = 2599

Phase 4 Post Placement Optimization and Clean-Up

Phase 4.1 Post Commit Optimization
Phase 4.1 Post Commit Optimization | Checksum: 147b58f05

Time (s): cpu = 00:00:07 ; elapsed = 00:00:01 . Memory (MB): peak = 3116.863 ; gain = 0.000 ; free physical = 165 ; free virtual = 2599

Phase 4.2 Post Placement Cleanup
Phase 4.2 Post Placement Cleanup | Checksum: 147b58f05

Time (s): cpu = 00:00:07 ; elapsed = 00:00:01 . Memory (MB): peak = 3116.863 ; gain = 0.000 ; free physical = 165 ; free virtual = 2599

Phase 4.3 Placer Reporting

Phase 4.3.1 Print Estimated Congestion
INFO: [Place 30-612] Post-Placement Estimated Congestion 
 ____________________________________________________
|           | Global Congestion | Short Congestion  |
| Direction | Region Size       | Region Size       |
|___________|___________________|___________________|
|      North|                1x1|                1x1|
|___________|___________________|___________________|
|      South|                1x1|                1x1|
|___________|___________________|___________________|
|       East|                1x1|                1x1|
|___________|___________________|___________________|
|       West|                1x1|                1x1|
|___________|___________________|___________________|

Phase 4.3.1 Print Estimated Congestion | Checksum: 147b58f05

Time (s): cpu = 00:00:07 ; elapsed = 00:00:01 . Memory (MB): peak = 3116.863 ; gain = 0.000 ; free physical = 165 ; free virtual = 2599
Phase 4.3 Placer Reporting | Checksum: 147b58f05

Time (s): cpu = 00:00:07 ; elapsed = 00:00:01 . Memory (MB): peak = 3116.863 ; gain = 0.000 ; free physical = 165 ; free virtual = 2599

Phase 4.4 Final Placement Cleanup
Netlist sorting complete. Time (s): cpu = 00:00:00 ; elapsed = 00:00:00 . Memory (MB): peak = 3116.863 ; gain = 0.000 ; free physical = 165 ; free virtual = 2599

Time (s): cpu = 00:00:07 ; elapsed = 00:00:01 . Memory (MB): peak = 3116.863 ; gain = 0.000 ; free physical = 165 ; free virtual = 2599
Phase 4 Post Placement Optimization and Clean-Up | Checksum: cc0e88ca

Time (s): cpu = 00:00:07 ; elapsed = 00:00:01 . Memory (MB): peak = 3116.863 ; gain = 0.000 ; free physical = 165 ; free virtual = 2599
Ending Placer Task | Checksum: 88c0a60a

Time (s): cpu = 00:00:07 ; elapsed = 00:00:01 . Memory (MB): peak = 3116.863 ; gain = 0.000 ; free physical = 165 ; free virtual = 2599
INFO: [Common 17-83] Releasing license: Implementation
43 Infos, 1 Warnings, 0 Critical Warnings and 0 Errors encountered.
place_design completed successfully
Writing placer database...
Writing XDEF routing.
Writing XDEF routing logical nets.
Writing XDEF routing special nets.
Write XDEF Complete: Time (s): cpu = 00:00:00.07 ; elapsed = 00:00:00.06 . Memory (MB): peak = 3116.863 ; gain = 0.000 ; free physical = 171 ; free virtual = 2607
INFO: [Common 17-1381] The checkpoint '/home/saad/Xilinx/2UnderwaterModem/MyXilinx/SDUAM/HW_Ver_less_ILAs/SDUAM.tmp/clock_dividor.runs/impl_1/Clock_Divider_placed.dcp' has been generated.
INFO: [runtcl-4] Executing : report_io -file Clock_Divider_io_placed.rpt
report_io: Time (s): cpu = 00:00:00.07 ; elapsed = 00:00:00.12 . Memory (MB): peak = 3116.863 ; gain = 0.000 ; free physical = 178 ; free virtual = 2597
INFO: [runtcl-4] Executing : report_utilization -file Clock_Divider_utilization_placed.rpt -pb Clock_Divider_utilization_placed.pb
INFO: [runtcl-4] Executing : report_control_sets -verbose -file Clock_Divider_control_sets_placed.rpt
report_control_sets: Time (s): cpu = 00:00:00.03 ; elapsed = 00:00:00.08 . Memory (MB): peak = 3116.863 ; gain = 0.000 ; free physical = 186 ; free virtual = 2605
Command: phys_opt_design
Attempting to get a license for feature 'Implementation' and/or device 'xc7z010'
INFO: [Common 17-349] Got license for feature 'Implementation' and/or device 'xc7z010'
INFO: [Vivado_Tcl 4-235] No timing constraint found. The netlist was not modified.
INFO: [Common 17-83] Releasing license: Implementation
50 Infos, 1 Warnings, 0 Critical Warnings and 0 Errors encountered.
phys_opt_design completed successfully
Writing placer database...
Writing XDEF routing.
Writing XDEF routing logical nets.
Writing XDEF routing special nets.
Write XDEF Complete: Time (s): cpu = 00:00:00.01 ; elapsed = 00:00:00.01 . Memory (MB): peak = 3116.863 ; gain = 0.000 ; free physical = 160 ; free virtual = 2581
INFO: [Common 17-1381] The checkpoint '/home/saad/Xilinx/2UnderwaterModem/MyXilinx/SDUAM/HW_Ver_less_ILAs/SDUAM.tmp/clock_dividor.runs/impl_1/Clock_Divider_physopt.dcp' has been generated.
Command: route_design
Attempting to get a license for feature 'Implementation' and/or device 'xc7z010'
INFO: [Common 17-349] Got license for feature 'Implementation' and/or device 'xc7z010'
Running DRC as a precondition to command route_design
INFO: [DRC 23-27] Running DRC with 8 threads
INFO: [Vivado_Tcl 4-198] DRC finished with 0 Errors
INFO: [Vivado_Tcl 4-199] Please refer to the DRC report (report_drc) for more information.


Starting Routing Task
INFO: [Route 35-254] Multithreading enabled for route_design using a maximum of 8 CPUs
Checksum: PlaceDB: 113acdc7 ConstDB: 0 ShapeSum: 7785d843 RouteDB: 0

Phase 1 Build RT Design
Phase 1 Build RT Design | Checksum: 1e906b25d

Time (s): cpu = 00:00:07 ; elapsed = 00:00:06 . Memory (MB): peak = 3117.867 ; gain = 0.000 ; free physical = 168 ; free virtual = 2521
Post Restoration Checksum: NetGraph: ed1e7906 NumContArr: fbe83957 Constraints: 0 Timing: 0

Phase 2 Router Initialization
INFO: [Route 35-64] No timing constraints were detected. The router will operate in resource-optimization mode.

Phase 2.1 Fix Topology Constraints
Phase 2.1 Fix Topology Constraints | Checksum: 1e906b25d

Time (s): cpu = 00:00:07 ; elapsed = 00:00:06 . Memory (MB): peak = 3117.867 ; gain = 0.000 ; free physical = 146 ; free virtual = 2487

Phase 2.2 Pre Route Cleanup
Phase 2.2 Pre Route Cleanup | Checksum: 1e906b25d

Time (s): cpu = 00:00:07 ; elapsed = 00:00:06 . Memory (MB): peak = 3117.867 ; gain = 0.000 ; free physical = 146 ; free virtual = 2485
 Number of Nodes with overlaps = 0
Phase 2 Router Initialization | Checksum: 137ef3f65

Time (s): cpu = 00:00:07 ; elapsed = 00:00:06 . Memory (MB): peak = 3117.867 ; gain = 0.000 ; free physical = 194 ; free virtual = 2474

Router Utilization Summary
  Global Vertical Routing Utilization    = 0 %
  Global Horizontal Routing Utilization  = 0 %
  Routable Net Status*
  *Does not include unroutable nets such as driverless and loadless.
  Run report_route_status for detailed report.
  Number of Failed Nets               = 82
    (Failed Nets is the sum of unrouted and partially routed nets)
  Number of Unrouted Nets             = 82
  Number of Partially Routed Nets     = 0
  Number of Node Overlaps             = 0


Phase 3 Initial Routing

Phase 3.1 Global Routing
Phase 3.1 Global Routing | Checksum: 137ef3f65

Time (s): cpu = 00:00:07 ; elapsed = 00:00:06 . Memory (MB): peak = 3117.867 ; gain = 0.000 ; free physical = 194 ; free virtual = 2474
Phase 3 Initial Routing | Checksum: 6c1119ec

Time (s): cpu = 00:00:07 ; elapsed = 00:00:06 . Memory (MB): peak = 3117.867 ; gain = 0.000 ; free physical = 194 ; free virtual = 2475

Phase 4 Rip-up And Reroute

Phase 4.1 Global Iteration 0
 Number of Nodes with overlaps = 1
 Number of Nodes with overlaps = 0
Phase 4.1 Global Iteration 0 | Checksum: 17df40ee9

Time (s): cpu = 00:00:07 ; elapsed = 00:00:06 . Memory (MB): peak = 3117.867 ; gain = 0.000 ; free physical = 194 ; free virtual = 2475
Phase 4 Rip-up And Reroute | Checksum: 17df40ee9

Time (s): cpu = 00:00:07 ; elapsed = 00:00:06 . Memory (MB): peak = 3117.867 ; gain = 0.000 ; free physical = 194 ; free virtual = 2475

Phase 5 Delay and Skew Optimization
Phase 5 Delay and Skew Optimization | Checksum: 17df40ee9

Time (s): cpu = 00:00:07 ; elapsed = 00:00:06 . Memory (MB): peak = 3117.867 ; gain = 0.000 ; free physical = 194 ; free virtual = 2475

Phase 6 Post Hold Fix

Phase 6.1 Hold Fix Iter
Phase 6.1 Hold Fix Iter | Checksum: 17df40ee9

Time (s): cpu = 00:00:07 ; elapsed = 00:00:06 . Memory (MB): peak = 3117.867 ; gain = 0.000 ; free physical = 194 ; free virtual = 2475
Phase 6 Post Hold Fix | Checksum: 17df40ee9

Time (s): cpu = 00:00:07 ; elapsed = 00:00:06 . Memory (MB): peak = 3117.867 ; gain = 0.000 ; free physical = 194 ; free virtual = 2475

Phase 7 Route finalize

Router Utilization Summary
  Global Vertical Routing Utilization    = 0.0149212 %
  Global Horizontal Routing Utilization  = 0.0158548 %
  Routable Net Status*
  *Does not include unroutable nets such as driverless and loadless.
  Run report_route_status for detailed report.
  Number of Failed Nets               = 0
    (Failed Nets is the sum of unrouted and partially routed nets)
  Number of Unrouted Nets             = 0
  Number of Partially Routed Nets     = 0
  Number of Node Overlaps             = 0

Congestion Report
North Dir 1x1 Area, Max Cong = 9.00901%, No Congested Regions.
South Dir 1x1 Area, Max Cong = 7.20721%, No Congested Regions.
East Dir 1x1 Area, Max Cong = 8.82353%, No Congested Regions.
West Dir 1x1 Area, Max Cong = 8.82353%, No Congested Regions.

------------------------------
Reporting congestion hotspots
------------------------------
Direction: North
----------------
Congested clusters found at Level 0
Effective congestion level: 0 Aspect Ratio: 1 Sparse Ratio: 0
Direction: South
----------------
Congested clusters found at Level 0
Effective congestion level: 0 Aspect Ratio: 1 Sparse Ratio: 0
Direction: East
----------------
Congested clusters found at Level 0
Effective congestion level: 0 Aspect Ratio: 1 Sparse Ratio: 0
Direction: West
----------------
Congested clusters found at Level 0
Effective congestion level: 0 Aspect Ratio: 1 Sparse Ratio: 0

Phase 7 Route finalize | Checksum: 17df40ee9

Time (s): cpu = 00:00:07 ; elapsed = 00:00:06 . Memory (MB): peak = 3117.867 ; gain = 0.000 ; free physical = 193 ; free virtual = 2475

Phase 8 Verifying routed nets

 Verification completed successfully
Phase 8 Verifying routed nets | Checksum: 17df40ee9

Time (s): cpu = 00:00:07 ; elapsed = 00:00:06 . Memory (MB): peak = 3117.867 ; gain = 0.000 ; free physical = 191 ; free virtual = 2473

Phase 9 Depositing Routes
Phase 9 Depositing Routes | Checksum: 1a3f3c00f

Time (s): cpu = 00:00:07 ; elapsed = 00:00:06 . Memory (MB): peak = 3124.895 ; gain = 7.027 ; free physical = 191 ; free virtual = 2473
INFO: [Route 35-16] Router Completed Successfully

Time (s): cpu = 00:00:07 ; elapsed = 00:00:06 . Memory (MB): peak = 3124.895 ; gain = 7.027 ; free physical = 225 ; free virtual = 2507

Routing Is Done.
INFO: [Common 17-83] Releasing license: Implementation
59 Infos, 1 Warnings, 0 Critical Warnings and 0 Errors encountered.
route_design completed successfully
route_design: Time (s): cpu = 00:00:08 ; elapsed = 00:00:06 . Memory (MB): peak = 3124.895 ; gain = 8.031 ; free physical = 225 ; free virtual = 2507
Writing placer database...
Writing XDEF routing.
Writing XDEF routing logical nets.
Writing XDEF routing special nets.
Write XDEF Complete: Time (s): cpu = 00:00:00.02 ; elapsed = 00:00:00.01 . Memory (MB): peak = 3124.895 ; gain = 0.000 ; free physical = 224 ; free virtual = 2507
INFO: [Common 17-1381] The checkpoint '/home/saad/Xilinx/2UnderwaterModem/MyXilinx/SDUAM/HW_Ver_less_ILAs/SDUAM.tmp/clock_dividor.runs/impl_1/Clock_Divider_routed.dcp' has been generated.
INFO: [runtcl-4] Executing : report_drc -file Clock_Divider_drc_routed.rpt -pb Clock_Divider_drc_routed.pb -rpx Clock_Divider_drc_routed.rpx
Command: report_drc -file Clock_Divider_drc_routed.rpt -pb Clock_Divider_drc_routed.pb -rpx Clock_Divider_drc_routed.rpx
INFO: [IP_Flow 19-1839] IP Catalog is up to date.
INFO: [DRC 23-27] Running DRC with 8 threads
INFO: [Vivado_Tcl 2-168] The results of DRC are in file /home/saad/Xilinx/2UnderwaterModem/MyXilinx/SDUAM/HW_Ver_less_ILAs/SDUAM.tmp/clock_dividor.runs/impl_1/Clock_Divider_drc_routed.rpt.
report_drc completed successfully
INFO: [runtcl-4] Executing : report_methodology -file Clock_Divider_methodology_drc_routed.rpt -pb Clock_Divider_methodology_drc_routed.pb -rpx Clock_Divider_methodology_drc_routed.rpx
Command: report_methodology -file Clock_Divider_methodology_drc_routed.rpt -pb Clock_Divider_methodology_drc_routed.pb -rpx Clock_Divider_methodology_drc_routed.rpx
INFO: [Timing 38-35] Done setting XDC timing constraints.
INFO: [DRC 23-133] Running Methodology with 8 threads
INFO: [Vivado_Tcl 2-1520] The results of Report Methodology are in file /home/saad/Xilinx/2UnderwaterModem/MyXilinx/SDUAM/HW_Ver_less_ILAs/SDUAM.tmp/clock_dividor.runs/impl_1/Clock_Divider_methodology_drc_routed.rpt.
report_methodology completed successfully
INFO: [runtcl-4] Executing : report_power -file Clock_Divider_power_routed.rpt -pb Clock_Divider_power_summary_routed.pb -rpx Clock_Divider_power_routed.rpx
Command: report_power -file Clock_Divider_power_routed.rpt -pb Clock_Divider_power_summary_routed.pb -rpx Clock_Divider_power_routed.rpx
INFO: [Timing 38-35] Done setting XDC timing constraints.
WARNING: [Power 33-232] No user defined clocks were found in the design! Power estimation will be inaccurate until this is corrected.
Resolution: Please specify clocks using create_clock/create_generated_clock for sequential elements. For pure combinatorial circuits, please specify a virtual clock, otherwise the vectorless estimation might be inaccurate
Running Vector-less Activity Propagation...

Finished Running Vector-less Activity Propagation
70 Infos, 2 Warnings, 0 Critical Warnings and 0 Errors encountered.
report_power completed successfully
INFO: [runtcl-4] Executing : report_route_status -file Clock_Divider_route_status.rpt -pb Clock_Divider_route_status.pb
INFO: [runtcl-4] Executing : report_timing_summary -max_paths 10 -file Clock_Divider_timing_summary_routed.rpt -pb Clock_Divider_timing_summary_routed.pb -rpx Clock_Divider_timing_summary_routed.rpx -warn_on_violation 
INFO: [Timing 38-91] UpdateTimingParams: Speed grade: -1, Delay Type: min_max.
INFO: [Timing 38-191] Multithreading enabled for timing update using a maximum of 8 CPUs
WARNING: [Timing 38-313] There are no user specified timing constraints. Timing constraints are needed for proper timing analysis.
INFO: [runtcl-4] Executing : report_incremental_reuse -file Clock_Divider_incremental_reuse_routed.rpt
INFO: [Vivado_Tcl 4-1062] Incremental flow is disabled. No incremental reuse Info to report.
INFO: [runtcl-4] Executing : report_clock_utilization -file Clock_Divider_clock_utilization_routed.rpt
INFO: [runtcl-4] Executing : report_bus_skew -warn_on_violation -file Clock_Divider_bus_skew_routed.rpt -pb Clock_Divider_bus_skew_routed.pb -rpx Clock_Divider_bus_skew_routed.rpx
INFO: [Timing 38-91] UpdateTimingParams: Speed grade: -1, Delay Type: min_max.
INFO: [Timing 38-191] Multithreading enabled for timing update using a maximum of 8 CPUs
INFO: [Common 17-206] Exiting Vivado at Mon Oct  4 14:02:02 2021...
